Build started 10/03/2020 14:33:59.
     1>Project "C:\DSA\assignments\assignment4\build\src\coffie\coffie.vcxproj" on node 2 (rebuild target(s)).
     1>InitializeBuildStatus:
         Creating "coffie.dir\Debug\coffie.unsuccessfulbuild" because "AlwaysCreate" was specified.
       CustomBuild:
         Building Custom Rule C:/DSA/assignments/assignment4/src/coffie/CMakeLists.txt
       ClCompile:
         C:\Program Files (x86)\Microsoft Visual Studio 10.0\VC\bin\CL.exe /c /Zi /nologo /W3 /WX- /Od /Ob0 /Oy- /D WIN32 /D _WINDOWS /D _CRT_SECURE_NO_DEPRECATE /D "CMAKE_INTDIR=\"Debug\"" /D _MBCS /Gm- /EHsc /RTC1 /MDd /GS /fp:precise /Zc:wchar_t /Zc:forScope /GR /Fo"coffie.dir\Debug\\" /Fd"coffie.dir\Debug\vc100.pdb" /Gd /TP /analyze- /errorReport:prompt ..\..\..\src\coffie\assignment4Application.cpp ..\..\..\src\coffie\assignment4Implementation.cpp ..\..\..\src\coffie\binaryTreeImplementation.cpp
         assignment4Application.cpp
     1>..\..\..\src\coffie\assignment4Application.cpp(345): warning C4101: 'j' : unreferenced local variable
         assignment4Implementation.cpp
         binaryTreeImplementation.cpp
         Generating Code...
       ManifestResourceCompile:
         C:\Program Files (x86)\Microsoft SDKs\Windows\v7.0A\bin\rc.exe /nologo /fo"coffie.dir\Debug\coffie.exe.embed.manifest.res" coffie.dir\Debug\coffie_manifest.rc 
       Link:
         C:\Program Files (x86)\Microsoft Visual Studio 10.0\VC\bin\link.exe /ERRORREPORT:PROMPT /OUT:"C:\DSA\assignments\assignment4\build\Debug\coffie.exe" /INCREMENTAL /NOLOGO kernel32.lib user32.lib gdi32.lib winspool.lib shell32.lib ole32.lib oleaut32.lib uuid.lib comdlg32.lib advapi32.lib /NODEFAULTLIB:"libc;libcmt.lib;libcmtd.lib" /MANIFEST /ManifestFile:"coffie.dir\Debug\coffie.exe.intermediate.manifest" /MANIFESTUAC:"level='asInvoker' uiAccess='false'" /DEBUG /PDB:"C:/DSA/assignments/assignment4/build/Debug/coffie.pdb" /SUBSYSTEM:CONSOLE /TLBID:1 /DYNAMICBASE /NXCOMPAT /IMPLIB:"C:/DSA/assignments/assignment4/build/Debug/coffie.lib" /MACHINE:X86 coffie.dir\Debug\coffie.exe.embed.manifest.res
         coffie.dir\Debug\assignment4Application.obj
         coffie.dir\Debug\assignment4Implementation.obj
         coffie.dir\Debug\binaryTreeImplementation.obj  /machine:X86
       Manifest:
         Deleting file "coffie.dir\Debug\coffie.exe.embed.manifest".
         C:\Program Files (x86)\Microsoft SDKs\Windows\v7.0A\bin\mt.exe /nologo /verbose /out:"coffie.dir\Debug\coffie.exe.embed.manifest" /manifest coffie.dir\Debug\coffie.exe.intermediate.manifest
         C:\Program Files (x86)\Microsoft SDKs\Windows\v7.0A\bin\rc.exe /nologo /fo"coffie.dir\Debug\coffie.exe.embed.manifest.res" coffie.dir\Debug\coffie_manifest.rc 
       LinkEmbedManifest:
         C:\Program Files (x86)\Microsoft Visual Studio 10.0\VC\bin\link.exe /ERRORREPORT:PROMPT /OUT:"C:\DSA\assignments\assignment4\build\Debug\coffie.exe" /INCREMENTAL /NOLOGO kernel32.lib user32.lib gdi32.lib winspool.lib shell32.lib ole32.lib oleaut32.lib uuid.lib comdlg32.lib advapi32.lib /NODEFAULTLIB:"libc;libcmt.lib;libcmtd.lib" /MANIFEST /ManifestFile:"coffie.dir\Debug\coffie.exe.intermediate.manifest" /MANIFESTUAC:"level='asInvoker' uiAccess='false'" /DEBUG /PDB:"C:/DSA/assignments/assignment4/build/Debug/coffie.pdb" /SUBSYSTEM:CONSOLE /TLBID:1 /DYNAMICBASE /NXCOMPAT /IMPLIB:"C:/DSA/assignments/assignment4/build/Debug/coffie.lib" /MACHINE:X86 coffie.dir\Debug\coffie.exe.embed.manifest.res
         coffie.dir\Debug\assignment4Application.obj
         coffie.dir\Debug\assignment4Implementation.obj
         coffie.dir\Debug\binaryTreeImplementation.obj  /machine:X86
         coffie.vcxproj -> C:\DSA\assignments\assignment4\build\Debug\coffie.exe
       FinalizeBuildStatus:
         Deleting file "coffie.dir\Debug\coffie.unsuccessfulbuild".
         Touching "coffie.dir\Debug\coffie.lastbuildstate".
     1>Done Building Project "C:\DSA\assignments\assignment4\build\src\coffie\coffie.vcxproj" (rebuild target(s)).

Build succeeded.

Time Elapsed 00:00:07.48
